# JRE version: Java(TM) SE Runtime Environment (13.0.2+8) (build 13.0.2+8)
# Java VM: Java HotSpot(TM) 64-Bit Server VM (13.0.2+8, mixed mode, sharing, tiered, compressed oops, g1 gc, windows-amd64)
Heap:
 garbage-first heap   total 296960K, used 143276K [0x00000000a0000000, 0x0000000100000000)
  region size 1024K, 74 young (75776K), 11 survivors (11264K)
 Metaspace       used 67459K, capacity 69350K, committed 69968K, reserved 1110016K
  class space    used 9000K, capacity 9686K, committed 9932K, reserved 1048576K
GC Heap History (20 events):
Event: 4.757 GC heap before
{Heap before GC invocations=15 (full 0):
 garbage-first heap   total 73728K, used 54379K [0x00000000a0000000, 0x0000000100000000)
  region size 1024K, 16 young (16384K), 2 survivors (2048K)
 Metaspace       used 44699K, capacity 45821K, committed 46288K, reserved 1089536K
  class space    used 5951K, capacity 6337K, committed 6476K, reserved 1048576K
}
Event: 4.759 GC heap after
{Heap after GC invocations=16 (full 0):
 garbage-first heap   total 73728K, used 41366K [0x00000000a0000000, 0x0000000100000000)
  region size 1024K, 2 young (2048K), 2 survivors (2048K)
 Metaspace       used 44699K, capacity 45821K, committed 46288K, reserved 1089536K
  class space    used 5951K, capacity 6337K, committed 6476K, reserved 1048576K
}
Event: 4.889 GC heap before
{Heap before GC invocations=16 (full 0):
 garbage-first heap   total 73728K, used 56726K [0x00000000a0000000, 0x0000000100000000)
  region size 1024K, 18 young (18432K), 2 survivors (2048K)
 Metaspace       used 45634K, capacity 46803K, committed 47184K, reserved 1089536K
  class space    used 6068K, capacity 6468K, committed 6604K, reserved 1048576K
}
Event: 4.979 GC heap after
{Heap after GC invocations=17 (full 0):
 garbage-first heap   total 297984K, used 43007K [0x00000000a0000000, 0x0000000100000000)
  region size 1024K, 3 young (3072K), 3 survivors (3072K)
 Metaspace       used 45634K, capacity 46803K, committed 47184K, reserved 1089536K
  class space    used 6068K, capacity 6468K, committed 6604K, reserved 1048576K
}
Event: 6.554 GC heap before
{Heap before GC invocations=18 (full 0):
 garbage-first heap   total 150528K, used 131071K [0x00000000a0000000, 0x0000000100000000)
  region size 1024K, 88 young (90112K), 3 survivors (3072K)
 Metaspace       used 53304K, capacity 54677K, committed 54864K, reserved 1097728K
  class space    used 7023K, capacity 7513K, committed 7628K, reserved 1048576K
}
Event: 6.560 GC heap after
{Heap after GC invocations=19 (full 0):
 garbage-first heap   total 150528K, used 49939K [0x00000000a0000000, 0x0000000100000000)
  region size 1024K, 10 young (10240K), 10 survivors (10240K)
 Metaspace       used 53304K, capacity 54677K, committed 54864K, reserved 1097728K
  class space    used 7023K, capacity 7513K, committed 7628K, reserved 1048576K
}
Event: 7.292 GC heap before
{Heap before GC invocations=19 (full 0):
 garbage-first heap   total 150528K, used 102163K [0x00000000a0000000, 0x0000000100000000)
  region size 1024K, 61 young (62464K), 10 survivors (10240K)
 Metaspace       used 56917K, capacity 58473K, committed 58576K, reserved 1099776K
  class space    used 7639K, capacity 8205K, committed 8268K, reserved 1048576K
}
Event: 7.331 GC heap after
{Heap after GC invocations=20 (full 0):
 garbage-first heap   total 150528K, used 54821K [0x00000000a0000000, 0x0000000100000000)
  region size 1024K, 5 young (5120K), 5 survivors (5120K)
 Metaspace       used 56917K, capacity 58473K, committed 58576K, reserved 1099776K
  class space    used 7639K, capacity 8205K, committed 8268K, reserved 1048576K
}
Event: 7.831 GC heap before
{Heap before GC invocations=20 (full 0):
 garbage-first heap   total 150528K, used 107045K [0x00000000a0000000, 0x0000000100000000)
  region size 1024K, 56 young (57344K), 5 survivors (5120K)
 Metaspace       used 61506K, capacity 63106K, committed 63440K, reserved 1103872K
  class space    used 8334K, capacity 8942K, committed 9036K, reserved 1048576K
}
Event: 7.835 GC heap after
{Heap after GC invocations=21 (full 0):
 garbage-first heap   total 150528K, used 58044K [0x00000000a0000000, 0x0000000100000000)
  region size 1024K, 4 young (4096K), 4 survivors (4096K)
 Metaspace       used 61506K, capacity 63106K, committed 63440K, reserved 1103872K
  class space    used 8334K, capacity 8942K, committed 9036K, reserved 1048576K
}
Event: 9.515 GC heap before
{Heap before GC invocations=21 (full 0):
 garbage-first heap   total 150528K, used 109244K [0x00000000a0000000, 0x0000000100000000)
  region size 1024K, 55 young (56320K), 4 survivors (4096K)
 Metaspace       used 65273K, capacity 67082K, committed 67408K, reserved 1107968K
  class space    used 8874K, capacity 9555K, committed 9676K, reserved 1048576K
}
Event: 9.519 GC heap after
{Heap after GC invocations=22 (full 0):
 garbage-first heap   total 150528K, used 63363K [0x00000000a0000000, 0x0000000100000000)
  region size 1024K, 7 young (7168K), 7 survivors (7168K)
 Metaspace       used 65273K, capacity 67082K, committed 67408K, reserved 1107968K
  class space    used 8874K, capacity 9555K, committed 9676K, reserved 1048576K
}
Event: 9.748 GC heap before
{Heap before GC invocations=22 (full 0):
 garbage-first heap   total 150528K, used 112515K [0x00000000a0000000, 0x0000000100000000)
  region size 1024K, 56 young (57344K), 7 survivors (7168K)
 Metaspace       used 65935K, capacity 67969K, committed 68176K, reserved 1107968K
  class space    used 8951K, capacity 9672K, committed 9676K, reserved 1048576K
}
Event: 9.754 GC heap after
{Heap after GC invocations=23 (full 0):
 garbage-first heap   total 150528K, used 68933K [0x00000000a0000000, 0x0000000100000000)
  region size 1024K, 6 young (6144K), 6 survivors (6144K)
 Metaspace       used 65935K, capacity 67969K, committed 68176K, reserved 1107968K
  class space    used 8951K, capacity 9672K, committed 9676K, reserved 1048576K
}
Event: 11.551 GC heap before
{Heap before GC invocations=23 (full 0):
 garbage-first heap   total 150528K, used 116037K [0x00000000a0000000, 0x0000000100000000)
  region size 1024K, 52 young (53248K), 6 survivors (6144K)
 Metaspace       used 66381K, capacity 68409K, committed 68560K, reserved 1107968K
  class space    used 8978K, capacity 9684K, committed 9804K, reserved 1048576K
}
Event: 11.567 GC heap after
{Heap after GC invocations=24 (full 0):
 garbage-first heap   total 150528K, used 72043K [0x00000000a0000000, 0x0000000100000000)
  region size 1024K, 6 young (6144K), 6 survivors (6144K)
 Metaspace       used 66381K, capacity 68409K, committed 68560K, reserved 1107968K
  class space    used 8978K, capacity 9684K, committed 9804K, reserved 1048576K
}
Event: 11.865 GC heap before
{Heap before GC invocations=24 (full 0):
 garbage-first heap   total 150528K, used 116075K [0x00000000a0000000, 0x0000000100000000)
  region size 1024K, 50 young (51200K), 6 survivors (6144K)
 Metaspace       used 66669K, capacity 68693K, committed 68816K, reserved 1107968K
  class space    used 8997K, capacity 9696K, committed 9804K, reserved 1048576K
}
Event: 11.959 GC heap after
{Heap after GC invocations=25 (full 0):
 garbage-first heap   total 321536K, used 74941K [0x00000000a0000000, 0x0000000100000000)
  region size 1024K, 5 young (5120K), 5 survivors (5120K)
 Metaspace       used 66669K, capacity 68693K, committed 68816K, reserved 1107968K
  class space    used 8997K, capacity 9696K, committed 9804K, reserved 1048576K
}
Event: 13.118 GC heap before
{Heap before GC invocations=26 (full 0):
 garbage-first heap   total 296960K, used 206013K [0x00000000a0000000, 0x0000000100000000)
  region size 1024K, 134 young (137216K), 5 survivors (5120K)
 Metaspace       used 66894K, capacity 68787K, committed 69328K, reserved 1110016K
  class space    used 8950K, capacity 9608K, committed 9804K, reserved 1048576K
}
Event: 13.124 GC heap after
{Heap after GC invocations=27 (full 0):
 garbage-first heap   total 296960K, used 80812K [0x00000000a0000000, 0x0000000100000000)
  region size 1024K, 11 young (11264K), 11 survivors (11264K)
 Metaspace       used 66894K, capacity 68787K, committed 69328K, reserved 1110016K
  class space    used 8950K, capacity 9608K, committed 9804K, reserved 1048576K
}

